# JRE version: OpenJDK Runtime Environment (8.0_131-b11) (build 1.8.0_131-8u131-b11-2ubuntu1.16.04.3-b11)
# Java VM: OpenJDK 64-Bit Server VM (25.131-b11 mixed mode linux-amd64 compressed oops)
Heap:
 PSYoungGen      total 251904K, used 18965K [0x00000000d6f80000, 0x00000000e6680000, 0x0000000100000000)
  eden space 250880K, 7% used [0x00000000d6f80000,0x00000000d8205580,0x00000000e6480000)
  from space 1024K, 0% used [0x00000000e6580000,0x00000000e6580000,0x00000000e6680000)
  to   space 1024K, 0% used [0x00000000e6480000,0x00000000e6480000,0x00000000e6580000)
 ParOldGen       total 148992K, used 66472K [0x0000000084e00000, 0x000000008df80000, 0x00000000d6f80000)
  object space 148992K, 44% used [0x0000000084e00000,0x0000000088eea188,0x000000008df80000)
 Metaspace       used 90687K, capacity 96632K, committed 97064K, reserved 1134592K
  class space    used 9976K, capacity 11776K, committed 11824K, reserved 1048576K
GC Heap History (10 events):
Event: 84250.764 GC heap before
{Heap before GC invocations=3050 (full 1380):
 PSYoungGen      total 251904K, used 32K [0x00000000d6f80000, 0x00000000e6680000, 0x0000000100000000)
  eden space 250880K, 0% used [0x00000000d6f80000,0x00000000d6f80000,0x00000000e6480000)
  from space 1024K, 3% used [0x00000000e6580000,0x00000000e6588000,0x00000000e6680000)
  to   space 1024K, 0% used [0x00000000e6480000,0x00000000e6480000,0x00000000e6580000)
 ParOldGen       total 148992K, used 66457K [0x0000000084e00000, 0x000000008df80000, 0x00000000d6f80000)
  object space 148992K, 44% used [0x0000000084e00000,0x0000000088ee6558,0x000000008df80000)
 Metaspace       used 90662K, capacity 96632K, committed 97064K, reserved 1134592K
  class space    used 9972K, capacity 11776K, committed 11824K, reserved 1048576K
Event: 84250.936 GC heap after
Heap after GC invocations=3050 (full 1380):
 PSYoungGen      total 251904K, used 0K [0x00000000d6f80000, 0x00000000e6680000, 0x0000000100000000)
  eden space 250880K, 0% used [0x00000000d6f80000,0x00000000d6f80000,0x00000000e6480000)
  from space 1024K, 0% used [0x00000000e6580000,0x00000000e6580000,0x00000000e6680000)
  to   space 1024K, 0% used [0x00000000e6480000,0x00000000e6480000,0x00000000e6580000)
 ParOldGen       total 148992K, used 66462K [0x0000000084e00000, 0x000000008df80000, 0x00000000d6f80000)
  object space 148992K, 44% used [0x0000000084e00000,0x0000000088ee7968,0x000000008df80000)
 Metaspace       used 90662K, capacity 96632K, committed 97064K, reserved 1134592K
  class space    used 9972K, capacity 11776K, committed 11824K, reserved 1048576K
}
Event: 84310.762 GC heap before
{Heap before GC invocations=3051 (full 1380):
 PSYoungGen      total 251904K, used 19188K [0x00000000d6f80000, 0x00000000e6680000, 0x0000000100000000)
  eden space 250880K, 7% used [0x00000000d6f80000,0x00000000d823d3a8,0x00000000e6480000)
  from space 1024K, 0% used [0x00000000e6580000,0x00000000e6580000,0x00000000e6680000)
  to   space 1024K, 0% used [0x00000000e6480000,0x00000000e6480000,0x00000000e6580000)
 ParOldGen       total 148992K, used 66462K [0x0000000084e00000, 0x000000008df80000, 0x00000000d6f80000)
  object space 148992K, 44% used [0x0000000084e00000,0x0000000088ee7968,0x000000008df80000)
 Metaspace       used 90662K, capacity 96632K, committed 97064K, reserved 1134592K
  class space    used 9972K, capacity 11776K, committed 11824K, reserved 1048576K
Event: 84310.793 GC heap after
Heap after GC invocations=3051 (full 1380):
 PSYoungGen      total 251904K, used 416K [0x00000000d6f80000, 0x00000000e6680000, 0x0000000100000000)
  eden space 250880K, 0% used [0x00000000d6f80000,0x00000000d6f80000,0x00000000e6480000)
  from space 1024K, 40% used [0x00000000e6480000,0x00000000e64e8000,0x00000000e6580000)
  to   space 1024K, 0% used [0x00000000e6580000,0x00000000e6580000,0x00000000e6680000)
 ParOldGen       total 148992K, used 66462K [0x0000000084e00000, 0x000000008df80000, 0x00000000d6f80000)
  object space 148992K, 44% used [0x0000000084e00000,0x0000000088ee7968,0x000000008df80000)
 Metaspace       used 90662K, capacity 96632K, committed 97064K, reserved 1134592K
  class space    used 9972K, capacity 11776K, committed 11824K, reserved 1048576K
}
Event: 84310.793 GC heap before
{Heap before GC invocations=3052 (full 1381):
 PSYoungGen      total 251904K, used 416K [0x00000000d6f80000, 0x00000000e6680000, 0x0000000100000000)
  eden space 250880K, 0% used [0x00000000d6f80000,0x00000000d6f80000,0x00000000e6480000)
  from space 1024K, 40% used [0x00000000e6480000,0x00000000e64e8000,0x00000000e6580000)
  to   space 1024K, 0% used [0x00000000e6580000,0x00000000e6580000,0x00000000e6680000)
 ParOldGen       total 148992K, used 66462K [0x0000000084e00000, 0x000000008df80000, 0x00000000d6f80000)
  object space 148992K, 44% used [0x0000000084e00000,0x0000000088ee7968,0x000000008df80000)
 Metaspace       used 90662K, capacity 96632K, committed 97064K, reserved 1134592K
  class space    used 9972K, capacity 11776K, committed 11824K, reserved 1048576K
Event: 84310.985 GC heap after
Heap after GC invocations=3052 (full 1381):
 PSYoungGen      total 251904K, used 0K [0x00000000d6f80000, 0x00000000e6680000, 0x0000000100000000)
  eden space 250880K, 0% used [0x00000000d6f80000,0x00000000d6f80000,0x00000000e6480000)
  from space 1024K, 0% used [0x00000000e6480000,0x00000000e6480000,0x00000000e6580000)
  to   space 1024K, 0% used [0x00000000e6580000,0x00000000e6580000,0x00000000e6680000)
 ParOldGen       total 148992K, used 66581K [0x0000000084e00000, 0x000000008df80000, 0x00000000d6f80000)
  object space 148992K, 44% used [0x0000000084e00000,0x0000000088f05638,0x000000008df80000)
 Metaspace       used 90662K, capacity 96632K, committed 97064K, reserved 1134592K
  class space    used 9972K, capacity 11776K, committed 11824K, reserved 1048576K
}
Event: 84370.763 GC heap before
{Heap before GC invocations=3053 (full 1381):
 PSYoungGen      total 251904K, used 15223K [0x00000000d6f80000, 0x00000000e6680000, 0x0000000100000000)
  eden space 250880K, 6% used [0x00000000d6f80000,0x00000000d7e5de28,0x00000000e6480000)
  from space 1024K, 0% used [0x00000000e6480000,0x00000000e6480000,0x00000000e6580000)
  to   space 1024K, 0% used [0x00000000e6580000,0x00000000e6580000,0x00000000e6680000)
 ParOldGen       total 148992K, used 66581K [0x0000000084e00000, 0x000000008df80000, 0x00000000d6f80000)
  object space 148992K, 44% used [0x0000000084e00000,0x0000000088f05638,0x000000008df80000)
 Metaspace       used 90662K, capacity 96632K, committed 97064K, reserved 1134592K
  class space    used 9972K, capacity 11776K, committed 11824K, reserved 1048576K
Event: 84370.772 GC heap after
Heap after GC invocations=3053 (full 1381):
 PSYoungGen      total 251904K, used 64K [0x00000000d6f80000, 0x00000000e6680000, 0x0000000100000000)
  eden space 250880K, 0% used [0x00000000d6f80000,0x00000000d6f80000,0x00000000e6480000)
  from space 1024K, 6% used [0x00000000e6580000,0x00000000e6590000,0x00000000e6680000)
  to   space 1024K, 0% used [0x00000000e6480000,0x00000000e6480000,0x00000000e6580000)
 ParOldGen       total 148992K, used 66581K [0x0000000084e00000, 0x000000008df80000, 0x00000000d6f80000)
  object space 148992K, 44% used [0x0000000084e00000,0x0000000088f05638,0x000000008df80000)
 Metaspace       used 90662K, capacity 96632K, committed 97064K, reserved 1134592K
  class space    used 9972K, capacity 11776K, committed 11824K, reserved 1048576K
}
Event: 84370.772 GC heap before
{Heap before GC invocations=3054 (full 1382):
 PSYoungGen      total 251904K, used 64K [0x00000000d6f80000, 0x00000000e6680000, 0x0000000100000000)
  eden space 250880K, 0% used [0x00000000d6f80000,0x00000000d6f80000,0x00000000e6480000)
  from space 1024K, 6% used [0x00000000e6580000,0x00000000e6590000,0x00000000e6680000)
  to   space 1024K, 0% used [0x00000000e6480000,0x00000000e6480000,0x00000000e6580000)
 ParOldGen       total 148992K, used 66581K [0x0000000084e00000, 0x000000008df80000, 0x00000000d6f80000)
  object space 148992K, 44% used [0x0000000084e00000,0x0000000088f05638,0x000000008df80000)
 Metaspace       used 90662K, capacity 96632K, committed 97064K, reserved 1134592K
  class space    used 9972K, capacity 11776K, committed 11824K, reserved 1048576K
Event: 84370.969 GC heap after
Heap after GC invocations=3054 (full 1382):
 PSYoungGen      total 251904K, used 0K [0x00000000d6f80000, 0x00000000e6680000, 0x0000000100000000)
  eden space 250880K, 0% used [0x00000000d6f80000,0x00000000d6f80000,0x00000000e6480000)
  from space 1024K, 0% used [0x00000000e6580000,0x00000000e6580000,0x00000000e6680000)
  to   space 1024K, 0% used [0x00000000e6480000,0x00000000e6480000,0x00000000e6580000)
 ParOldGen       total 148992K, used 66472K [0x0000000084e00000, 0x000000008df80000, 0x00000000d6f80000)
  object space 148992K, 44% used [0x0000000084e00000,0x0000000088eea188,0x000000008df80000)
 Metaspace       used 90662K, capacity 96632K, committed 97064K, reserved 1134592K
  class space    used 9972K, capacity 11776K, committed 11824K, reserved 1048576K
}

